<?xml version="1.0" encoding="UTF-8"?>
<!-- Generated by org.testng.reporters.JUnitReportReporter -->
<testsuite skipped="0" hostname="INWS03011-02" name="com.ohrm.qa.testcases.OrangeHRMTest" tests="2" failures="0" timestamp="2021-07-01T20:36:34 IST" time="0.134" errors="2">
  <testcase name="loginLogoutTest2" time="0.067" classname="com.ohrm.qa.testcases.OrangeHRMTest">
    <error type="org.testng.internal.reflect.MethodMatcherException" message="
[public void com.ohrm.qa.testcases.OrangeHRMTest.loginLogoutTest2() throws java.lang.Exception] has no parameters defined but was found to be using a data provider (either explicitly specified or inherited from class level annotation).
Data provider mismatch
Method: loginLogoutTest2([])
Arguments: [(java.util.HashMap) {password=YWRtaW4xMjM=, browser=firefox, testname=loginLogoutTest2, execute=yes, username=Admin}]">
      <![CDATA[org.testng.internal.reflect.MethodMatcherException: 
[public void com.ohrm.qa.testcases.OrangeHRMTest.loginLogoutTest2() throws java.lang.Exception] has no parameters defined but was found to be using a data provider (either explicitly specified or inherited from class level annotation).
Data provider mismatch
Method: loginLogoutTest2([])
Arguments: [(java.util.HashMap) {password=YWRtaW4xMjM=, browser=firefox, testname=loginLogoutTest2, execute=yes, username=Admin}]
at org.testng.internal.reflect.DataProviderMethodMatcher.getConformingArguments(DataProviderMethodMatcher.java:43)
at org.testng.internal.Parameters.injectParameters(Parameters.java:925)
at org.testng.internal.MethodRunner.runInSequence(MethodRunner.java:34)
at org.testng.internal.TestInvoker$MethodInvocationAgent.invoke(TestInvoker.java:804)
at org.testng.internal.TestInvoker.invokeTestMethods(TestInvoker.java:145)
at org.testng.internal.TestMethodWorker.invokeTestMethods(TestMethodWorker.java:146)
at org.testng.internal.TestMethodWorker.run(TestMethodWorker.java:128)
at java.util.concurrent.ThreadPoolExecutor.runWorker(Unknown Source)
at java.util.concurrent.ThreadPoolExecutor$Worker.run(Unknown Source)
at java.lang.Thread.run(Unknown Source)
]]>
    </error>
  </testcase> <!-- loginLogoutTest2 -->
  <testcase name="loginLogoutTest1" time="0.067" classname="com.ohrm.qa.testcases.OrangeHRMTest">
    <error type="org.testng.internal.reflect.MethodMatcherException" message="
[public void com.ohrm.qa.testcases.OrangeHRMTest.loginLogoutTest1() throws java.lang.Exception] has no parameters defined but was found to be using a data provider (either explicitly specified or inherited from class level annotation).
Data provider mismatch
Method: loginLogoutTest1([])
Arguments: [(java.util.HashMap) {password=YWRtaW4xMjM=, browser=chrome, testname=loginLogoutTest1, execute=yes, username=Admin}]">
      <![CDATA[org.testng.internal.reflect.MethodMatcherException: 
[public void com.ohrm.qa.testcases.OrangeHRMTest.loginLogoutTest1() throws java.lang.Exception] has no parameters defined but was found to be using a data provider (either explicitly specified or inherited from class level annotation).
Data provider mismatch
Method: loginLogoutTest1([])
Arguments: [(java.util.HashMap) {password=YWRtaW4xMjM=, browser=chrome, testname=loginLogoutTest1, execute=yes, username=Admin}]
at org.testng.internal.reflect.DataProviderMethodMatcher.getConformingArguments(DataProviderMethodMatcher.java:43)
at org.testng.internal.Parameters.injectParameters(Parameters.java:925)
at org.testng.internal.MethodRunner.runInSequence(MethodRunner.java:34)
at org.testng.internal.TestInvoker$MethodInvocationAgent.invoke(TestInvoker.java:804)
at org.testng.internal.TestInvoker.invokeTestMethods(TestInvoker.java:145)
at org.testng.internal.TestMethodWorker.invokeTestMethods(TestMethodWorker.java:146)
at org.testng.internal.TestMethodWorker.run(TestMethodWorker.java:128)
at java.util.concurrent.ThreadPoolExecutor.runWorker(Unknown Source)
at java.util.concurrent.ThreadPoolExecutor$Worker.run(Unknown Source)
at java.lang.Thread.run(Unknown Source)
]]>
    </error>
  </testcase> <!-- loginLogoutTest1 -->
</testsuite> <!-- com.ohrm.qa.testcases.OrangeHRMTest -->
